<?xml version="1.0" encoding="UTF-8"?>
<testng-results ignored="0" total="2" passed="1" failed="1" skipped="0">
  <reporter-output>
    <line>
      <![CDATA[project startedDefault test]]>
    </line>
    <line>
      <![CDATA[Test case startedm1]]>
    </line>
    <line>
      <![CDATA[Test case executed successfullym1]]>
    </line>
    <line>
      <![CDATA[Test case startedcreatenewcampaign]]>
    </line>
    <line>
      <![CDATA[Test case failedcreatenewcampaign]]>
    </line>
  </reporter-output>
  <suite started-at="2024-02-23T14:17:11 IST" name="Default suite" finished-at="2024-02-23T14:18:00 IST" duration-ms="48366">
    <groups>
    </groups>
    <test started-at="2024-02-23T14:17:11 IST" name="Default test" finished-at="2024-02-23T14:18:00 IST" duration-ms="48366">
      <class name="com.vtiger.Campaigntestcases.TC01Test">
        <test-method is-config="true" signature="setup()[pri:0, instance:com.vtiger.Campaigntestcases.TC01Test@72e5a8e]" started-at="2024-02-23T14:17:12 IST" name="setup" finished-at="2024-02-23T14:17:23 IST" duration-ms="11308" status="PASS">
          <reporter-output>
          </reporter-output>
        </test-method> <!-- setup -->
        <test-method is-config="true" signature="login()[pri:0, instance:com.vtiger.Campaigntestcases.TC01Test@72e5a8e]" started-at="2024-02-23T14:17:23 IST" name="login" finished-at="2024-02-23T14:17:33 IST" duration-ms="10245" status="PASS">
          <reporter-output>
          </reporter-output>
        </test-method> <!-- login -->
        <test-method signature="m1()[pri:0, instance:com.vtiger.Campaigntestcases.TC01Test@72e5a8e]" started-at="2024-02-23T14:17:33 IST" name="m1" finished-at="2024-02-23T14:17:33 IST" duration-ms="42" status="PASS">
          <reporter-output>
            <line>
              <![CDATA[Test case startedm1]]>
            </line>
            <line>
              <![CDATA[Test case executed successfullym1]]>
            </line>
          </reporter-output>
        </test-method> <!-- m1 -->
        <test-method is-config="true" signature="logout()[pri:0, instance:com.vtiger.Campaigntestcases.TC01Test@72e5a8e]" started-at="2024-02-23T14:17:33 IST" name="logout" finished-at="2024-02-23T14:17:41 IST" duration-ms="7762" status="PASS">
          <reporter-output>
          </reporter-output>
        </test-method> <!-- logout -->
        <test-method is-config="true" signature="login()[pri:0, instance:com.vtiger.Campaigntestcases.TC01Test@72e5a8e]" started-at="2024-02-23T14:17:41 IST" name="login" finished-at="2024-02-23T14:17:44 IST" duration-ms="2383" status="PASS">
          <reporter-output>
          </reporter-output>
        </test-method> <!-- login -->
        <test-method signature="createnewcampaign()[pri:0, instance:com.vtiger.Campaigntestcases.TC01Test@72e5a8e]" started-at="2024-02-23T14:17:44 IST" name="createnewcampaign" finished-at="2024-02-23T14:17:58 IST" duration-ms="14123" status="FAIL">
          <exception class="java.lang.NoSuchMethodError">
            <message>
              <![CDATA['org.apache.commons.io.output.UnsynchronizedByteArrayOutputStream$Builder org.apache.commons.io.output.UnsynchronizedByteArrayOutputStream.builder()']]>
            </message>
            <full-stacktrace>
              <![CDATA[java.lang.NoSuchMethodError: 'org.apache.commons.io.output.UnsynchronizedByteArrayOutputStream$Builder org.apache.commons.io.output.UnsynchronizedByteArrayOutputStream.builder()'
at org.apache.poi.util.IOUtils.peekFirstNBytes(IOUtils.java:144)
at org.apache.poi.poifs.filesystem.FileMagic.valueOf(FileMagic.java:209)
at org.apache.poi.ss.usermodel.WorkbookFactory.create(WorkbookFactory.java:222)
at org.apache.poi.ss.usermodel.WorkbookFactory.create(WorkbookFactory.java:185)
at wtiger.excelutils.singlecellfetch(excelutils.java:82)
at com.vtiger.Campaigntestcases.TC01Test.createnewcampaign(TC01Test.java:31)
at java.base/jdk.internal.reflect.DirectMethodHandleAccessor.invoke(DirectMethodHandleAccessor.java:104)
at java.base/java.lang.reflect.Method.invoke(Method.java:578)
at org.testng.internal.MethodInvocationHelper.invokeMethod(MethodInvocationHelper.java:133)
at org.testng.internal.TestInvoker.invokeMethod(TestInvoker.java:598)
at org.testng.internal.TestInvoker.invokeTestMethod(TestInvoker.java:173)
at org.testng.internal.MethodRunner.runInSequence(MethodRunner.java:46)
at org.testng.internal.TestInvoker$MethodInvocationAgent.invoke(TestInvoker.java:824)
at org.testng.internal.TestInvoker.invokeTestMethods(TestInvoker.java:146)
at org.testng.internal.TestMethodWorker.invokeTestMethods(TestMethodWorker.java:146)
at org.testng.internal.TestMethodWorker.run(TestMethodWorker.java:128)
at java.base/java.util.ArrayList.forEach(ArrayList.java:1511)
at org.testng.TestRunner.privateRun(TestRunner.java:794)
at org.testng.TestRunner.run(TestRunner.java:596)
at org.testng.SuiteRunner.runTest(SuiteRunner.java:377)
at org.testng.SuiteRunner.runSequentially(SuiteRunner.java:371)
at org.testng.SuiteRunner.privateRun(SuiteRunner.java:332)
at org.testng.SuiteRunner.run(SuiteRunner.java:276)
at org.testng.SuiteRunnerWorker.runSuite(SuiteRunnerWorker.java:53)
at org.testng.SuiteRunnerWorker.run(SuiteRunnerWorker.java:96)
at org.testng.TestNG.runSuitesSequentially(TestNG.java:1212)
at org.testng.TestNG.runSuitesLocally(TestNG.java:1134)
at org.testng.TestNG.runSuites(TestNG.java:1063)
at org.testng.TestNG.run(TestNG.java:1031)
at org.testng.remote.AbstractRemoteTestNG.run(AbstractRemoteTestNG.java:115)
at org.testng.remote.RemoteTestNG.initAndRun(RemoteTestNG.java:251)
at org.testng.remote.RemoteTestNG.main(RemoteTestNG.java:77)
]]>
            </full-stacktrace>
          </exception> <!-- java.lang.NoSuchMethodError -->
          <reporter-output>
            <line>
              <![CDATA[Test case startedcreatenewcampaign]]>
            </line>
            <line>
              <![CDATA[Test case failedcreatenewcampaign]]>
            </line>
          </reporter-output>
        </test-method> <!-- createnewcampaign -->
        <test-method is-config="true" signature="logout()[pri:0, instance:com.vtiger.Campaigntestcases.TC01Test@72e5a8e]" started-at="2024-02-23T14:17:58 IST" name="logout" finished-at="2024-02-23T14:17:59 IST" duration-ms="1480" status="PASS">
          <reporter-output>
          </reporter-output>
        </test-method> <!-- logout -->
        <test-method is-config="true" signature="tearup()[pri:0, instance:com.vtiger.Campaigntestcases.TC01Test@72e5a8e]" started-at="2024-02-23T14:17:59 IST" name="tearup" finished-at="2024-02-23T14:18:00 IST" duration-ms="290" status="PASS">
          <reporter-output>
          </reporter-output>
        </test-method> <!-- tearup -->
      </class> <!-- com.vtiger.Campaigntestcases.TC01Test -->
    </test> <!-- Default test -->
  </suite> <!-- Default suite -->
</testng-results>
